<?xml version="1.0" encoding="UTF-8"?>
<!-- Generated by org.testng.reporters.JUnitReportReporter -->
<testsuite hostname="I2E-LAP-MP03" failures="0" tests="16" name="testCasesV2.TestCasesSprint10" time="102.323" errors="1" timestamp="2022-02-24T17:57:04 IST" skipped="0">
  <testcase classname="testCasesV2.TestCasesSprint10" name="TLMDRx_016" time="38.025"/>
  <system-out/>
  <testcase classname="testCasesV2.TestCasesSprint10" name="TLMDRx_001" time="10.019">
    <error message="Expected condition failed: waiting for element to be clickable: By.xpath: //div[contains(text(),&#039;Confirm Clinic Location:&#039;)] (tried for 10 second(s) with 500 milliseconds interval)" type="org.openqa.selenium.TimeoutException">
      <![CDATA[org.openqa.selenium.TimeoutException: Expected condition failed: waiting for element to be clickable: By.xpath: //div[contains(text(),'Confirm Clinic Location:')] (tried for 10 second(s) with 500 milliseconds interval)
at org.openqa.selenium.support.ui.WebDriverWait.timeoutException(WebDriverWait.java:113)
at org.openqa.selenium.support.ui.FluentWait.until(FluentWait.java:283)
at testCasesV2.TestCasesSprint10.TLMDRx_001(TestCasesSprint10.java:51)
at java.base/jdk.internal.reflect.NativeMethodAccessorImpl.invoke0(Native Method)
at java.base/jdk.internal.reflect.NativeMethodAccessorImpl.invoke(NativeMethodAccessorImpl.java:77)
at java.base/jdk.internal.reflect.DelegatingMethodAccessorImpl.invoke(DelegatingMethodAccessorImpl.java:43)
at java.base/java.lang.reflect.Method.invoke(Method.java:568)
at org.testng.internal.MethodInvocationHelper.invokeMethod(MethodInvocationHelper.java:133)
at org.testng.internal.TestInvoker.invokeMethod(TestInvoker.java:598)
at org.testng.internal.TestInvoker.invokeTestMethod(TestInvoker.java:173)
at org.testng.internal.MethodRunner.runInSequence(MethodRunner.java:46)
at org.testng.internal.TestInvoker$MethodInvocationAgent.invoke(TestInvoker.java:824)
at org.testng.internal.TestInvoker.invokeTestMethods(TestInvoker.java:146)
at org.testng.internal.TestMethodWorker.invokeTestMethods(TestMethodWorker.java:146)
at org.testng.internal.TestMethodWorker.run(TestMethodWorker.java:128)
at java.base/java.util.ArrayList.forEach(ArrayList.java:1511)
at org.testng.TestRunner.privateRun(TestRunner.java:794)
at org.testng.TestRunner.run(TestRunner.java:596)
at org.testng.SuiteRunner.runTest(SuiteRunner.java:377)
at org.testng.SuiteRunner.runSequentially(SuiteRunner.java:371)
at org.testng.SuiteRunner.privateRun(SuiteRunner.java:332)
at org.testng.SuiteRunner.run(SuiteRunner.java:276)
at org.testng.SuiteRunnerWorker.runSuite(SuiteRunnerWorker.java:53)
at org.testng.SuiteRunnerWorker.run(SuiteRunnerWorker.java:96)
at org.testng.TestNG.runSuitesSequentially(TestNG.java:1212)
at org.testng.TestNG.runSuitesLocally(TestNG.java:1134)
at org.testng.TestNG.runSuites(TestNG.java:1063)
at org.testng.TestNG.run(TestNG.java:1031)
at org.testng.remote.AbstractRemoteTestNG.run(AbstractRemoteTestNG.java:115)
at org.testng.remote.RemoteTestNG.initAndRun(RemoteTestNG.java:251)
at org.testng.remote.RemoteTestNG.main(RemoteTestNG.java:77)
Caused by: org.openqa.selenium.NoSuchElementException: Cannot locate an element using By.xpath: //div[contains(text(),'Confirm Clinic Location:')]
For documentation on this error, please visit: http://seleniumhq.org/exceptions/no_such_element.html
Build info: version: '3.14.0', revision: 'aacccce0', time: '2018-08-02T20:19:58.91Z'
System info: host: 'I2E-LAP-MP03', ip: '192.168.1.100', os.name: 'Windows 10', os.arch: 'amd64', os.version: '10.0', java.version: '17.0.2'
Driver info: driver.version: unknown
at org.openqa.selenium.support.ui.ExpectedConditions.lambda$findElement$0(ExpectedConditions.java:896)
at java.base/java.util.Optional.orElseThrow(Optional.java:403)
at org.openqa.selenium.support.ui.ExpectedConditions.findElement(ExpectedConditions.java:895)
at org.openqa.selenium.support.ui.ExpectedConditions.access$000(ExpectedConditions.java:44)
at org.openqa.selenium.support.ui.ExpectedConditions$7.apply(ExpectedConditions.java:206)
at org.openqa.selenium.support.ui.ExpectedConditions$7.apply(ExpectedConditions.java:202)
at org.openqa.selenium.support.ui.ExpectedConditions$22.apply(ExpectedConditions.java:657)
at org.openqa.selenium.support.ui.ExpectedConditions$22.apply(ExpectedConditions.java:654)
at org.openqa.selenium.support.ui.FluentWait.until(FluentWait.java:260)
... 29 more
]]>
    </error>
  </testcase> <!-- TLMDRx_001 -->
  <system-out/>
  <testcase classname="testCasesV2.TestCasesSprint10" name="TLMDRx_002" time="0.237"/>
  <system-out/>
  <testcase classname="testCasesV2.TestCasesSprint10" name="TLMDRx_003" time="0.181"/>
  <system-out/>
  <testcase classname="testCasesV2.TestCasesSprint10" name="TLMDRx_004" time="0.210"/>
  <system-out/>
  <testcase classname="testCasesV2.TestCasesSprint10" name="TLMDRx_006" time="3.459"/>
  <system-out/>
  <testcase classname="testCasesV2.TestCasesSprint10" name="TLMDRx_007" time="11.558"/>
  <system-out/>
  <testcase classname="testCasesV2.TestCasesSprint10" name="TLMDRx_009" time="12.836"/>
  <system-out/>
  <testcase classname="testCasesV2.TestCasesSprint10" name="TLMDRx_010" time="12.799"/>
  <system-out/>
  <testcase classname="testCasesV2.TestCasesSprint10" name="TLMDRx_011" time="4.264"/>
  <system-out/>
  <testcase classname="testCasesV2.TestCasesSprint10" name="TLMDRx_012" time="2.053"/>
  <system-out/>
  <testcase classname="testCasesV2.TestCasesSprint10" name="TLMDRx_018" time="2.143"/>
  <system-out/>
  <testcase classname="testCasesV2.TestCasesSprint10" name="TLMDRx_017" time="2.033"/>
  <system-out/>
  <testcase classname="testCasesV2.TestCasesSprint10" name="TLMDRx_020" time="0.083"/>
  <system-out/>
  <testcase classname="testCasesV2.TestCasesSprint10" name="TLMDRx_023" time="0.194"/>
  <system-out/>
  <testcase classname="testCasesV2.TestCasesSprint10" name="TLMDRx_024" time="2.229"/>
  <system-out/>
</testsuite> <!-- testCasesV2.TestCasesSprint10 -->
