<?xml version="1.0" encoding="UTF-8"?>
<!-- Generated by org.testng.reporters.JUnitReportReporter -->
<testsuite hostname="I2E-LAP-RRA27" failures="2" tests="29" name="Testcase.TeleMedRXRegression" time="128.202" errors="0" timestamp="2022-01-07T12:49:50 IST" skipped="0">
  <testcase classname="Testcase.TeleMedRXRegression" name="Verify_PageTitle" time="2.918"/>
  <system-out/>
  <testcase classname="Testcase.TeleMedRXRegression" name="Verify_AfterEnterAValidCredentialTryToLoginLoginApp" time="6.538"/>
  <system-out/>
  <testcase classname="Testcase.TeleMedRXRegression" name="Verify_WhenTwoClinicsArePresentThenCheckClinicPopupIsVisible" time="1.032"/>
  <system-out/>
  <testcase classname="Testcase.TeleMedRXRegression" name="Verify_AndChooseSanjivaniClinicFromDropdownList" time="3.755"/>
  <system-out/>
  <testcase classname="Testcase.TeleMedRXRegression" name="Verify_AllLeftNavigationMenuBarListArePresent" time="0.126"/>
  <system-out/>
  <testcase classname="Testcase.TeleMedRXRegression" name="Verify_AppointmentPageisDisplayedByDefault" time="2.036"/>
  <system-out/>
  <testcase classname="Testcase.TeleMedRXRegression" name="Verify_ColumnsNameInAppointmentPage" time="0.324">
    <failure message="expected:&lt;CLIENT&gt; but was:&lt;PATIENT&gt;" type="java.lang.AssertionError">
      <![CDATA[java.lang.AssertionError: expected:<CLIENT> but was:<PATIENT>
at org.testng.AssertJUnit.assertEquals(AssertJUnit.java:115)
at org.testng.AssertJUnit.assertEquals(AssertJUnit.java:125)
at Testcase.TeleMedRXRegression.Verify_ColumnsNameInAppointmentPage(TeleMedRXRegression.java:401)
at java.base/jdk.internal.reflect.NativeMethodAccessorImpl.invoke0(Native Method)
at java.base/jdk.internal.reflect.NativeMethodAccessorImpl.invoke(NativeMethodAccessorImpl.java:78)
at java.base/jdk.internal.reflect.DelegatingMethodAccessorImpl.invoke(DelegatingMethodAccessorImpl.java:43)
at java.base/java.lang.reflect.Method.invoke(Method.java:567)
at org.testng.internal.MethodInvocationHelper.invokeMethod(MethodInvocationHelper.java:133)
at org.testng.internal.TestInvoker.invokeMethod(TestInvoker.java:598)
at org.testng.internal.TestInvoker.invokeTestMethod(TestInvoker.java:173)
at org.testng.internal.MethodRunner.runInSequence(MethodRunner.java:46)
at org.testng.internal.TestInvoker$MethodInvocationAgent.invoke(TestInvoker.java:824)
at org.testng.internal.TestInvoker.invokeTestMethods(TestInvoker.java:146)
at org.testng.internal.TestMethodWorker.invokeTestMethods(TestMethodWorker.java:146)
at org.testng.internal.TestMethodWorker.run(TestMethodWorker.java:128)
at java.base/java.util.ArrayList.forEach(ArrayList.java:1511)
at org.testng.TestRunner.privateRun(TestRunner.java:794)
at org.testng.TestRunner.run(TestRunner.java:596)
at org.testng.SuiteRunner.runTest(SuiteRunner.java:377)
at org.testng.SuiteRunner.runSequentially(SuiteRunner.java:371)
at org.testng.SuiteRunner.privateRun(SuiteRunner.java:332)
at org.testng.SuiteRunner.run(SuiteRunner.java:276)
at org.testng.SuiteRunnerWorker.runSuite(SuiteRunnerWorker.java:53)
at org.testng.SuiteRunnerWorker.run(SuiteRunnerWorker.java:96)
at org.testng.TestNG.runSuitesSequentially(TestNG.java:1212)
at org.testng.TestNG.runSuitesLocally(TestNG.java:1134)
at org.testng.TestNG.runSuites(TestNG.java:1063)
at org.testng.TestNG.run(TestNG.java:1031)
at org.testng.remote.AbstractRemoteTestNG.run(AbstractRemoteTestNG.java:115)
at org.testng.remote.RemoteTestNG.initAndRun(RemoteTestNG.java:251)
at org.testng.remote.RemoteTestNG.main(RemoteTestNG.java:77)
]]>
    </failure>
  </testcase> <!-- Verify_ColumnsNameInAppointmentPage -->
  <system-out/>
  <testcase classname="Testcase.TeleMedRXRegression" name="Verify_AddAppointmentButtonIsDisplayed" time="0.025"/>
  <system-out/>
  <testcase classname="Testcase.TeleMedRXRegression" name="Verify_AddPatientPopupIsDisplayedAfterClickingAddPatientButton" time="4.233"/>
  <system-out/>
  <testcase classname="Testcase.TeleMedRXRegression" name="Verify_FillTheNewPatientDetailsInTheAddPatientPopup" time="10.545"/>
  <system-out/>
  <testcase classname="Testcase.TeleMedRXRegression" name="Verify_OpenOtherclass" time="10.169"/>
  <system-out/>
  <testcase classname="Testcase.TeleMedRXRegression" name="Verify_CreateANewAppointment" time="14.726"/>
  <system-out/>
  <testcase classname="Testcase.TeleMedRXRegression" name="Verify_GoogleSyncButtonDisplayedInCalendarPage" time="2.089"/>
  <system-out/>
  <testcase classname="Testcase.TeleMedRXRegression" name="Verify_Calendar_Lable_Is_Displayed" time="2.035"/>
  <system-out/>
  <testcase classname="Testcase.TeleMedRXRegression" name="Verify_AllViewsInCalendarPage" time="0.062"/>
  <system-out/>
  <testcase classname="Testcase.TeleMedRXRegression" name="Verify_WeekViewOnCalendar" time="0.143"/>
  <system-out/>
  <testcase classname="Testcase.TeleMedRXRegression" name="Verify_DayViewOnCalendar" time="2.091"/>
  <system-out/>
  <testcase classname="Testcase.TeleMedRXRegression" name="Verify_StaffLabelIsDisplay" time="4.419"/>
  <system-out/>
  <testcase classname="Testcase.TeleMedRXRegression" name="Verify_AddStaffButtonIsDisplay" time="2.051"/>
  <system-out/>
  <testcase classname="Testcase.TeleMedRXRegression" name="Verify_AddStaffPopupFieldVerification" time="7.194"/>
  <system-out/>
  <testcase classname="Testcase.TeleMedRXRegression" name="Verify_RegistrationStatusButton" time="0.021"/>
  <system-out/>
  <testcase classname="Testcase.TeleMedRXRegression" name="Verify_PageTitleOfSettingPage" time="4.131"/>
  <system-out/>
  <testcase classname="Testcase.TeleMedRXRegression" name="Verify_UpdateProfileSetting" time="2.008"/>
  <system-out/>
  <testcase classname="Testcase.TeleMedRXRegression" name="Verify_AddClinicButtonIsPresentOnClinicSettingPage" time="4.292">
    <failure message="expected:&lt;Add Clinic&gt; but was:&lt;Add Clinic1&gt;" type="java.lang.AssertionError">
      <![CDATA[java.lang.AssertionError: expected:<Add Clinic> but was:<Add Clinic1>
at org.testng.AssertJUnit.assertEquals(AssertJUnit.java:115)
at org.testng.AssertJUnit.assertEquals(AssertJUnit.java:125)
at Testcase.TeleMedRXRegression.Verify_AddClinicButtonIsPresentOnClinicSettingPage(TeleMedRXRegression.java:1161)
at java.base/jdk.internal.reflect.NativeMethodAccessorImpl.invoke0(Native Method)
at java.base/jdk.internal.reflect.NativeMethodAccessorImpl.invoke(NativeMethodAccessorImpl.java:78)
at java.base/jdk.internal.reflect.DelegatingMethodAccessorImpl.invoke(DelegatingMethodAccessorImpl.java:43)
at java.base/java.lang.reflect.Method.invoke(Method.java:567)
at org.testng.internal.MethodInvocationHelper.invokeMethod(MethodInvocationHelper.java:133)
at org.testng.internal.TestInvoker.invokeMethod(TestInvoker.java:598)
at org.testng.internal.TestInvoker.invokeTestMethod(TestInvoker.java:173)
at org.testng.internal.MethodRunner.runInSequence(MethodRunner.java:46)
at org.testng.internal.TestInvoker$MethodInvocationAgent.invoke(TestInvoker.java:824)
at org.testng.internal.TestInvoker.invokeTestMethods(TestInvoker.java:146)
at org.testng.internal.TestMethodWorker.invokeTestMethods(TestMethodWorker.java:146)
at org.testng.internal.TestMethodWorker.run(TestMethodWorker.java:128)
at java.base/java.util.ArrayList.forEach(ArrayList.java:1511)
at org.testng.TestRunner.privateRun(TestRunner.java:794)
at org.testng.TestRunner.run(TestRunner.java:596)
at org.testng.SuiteRunner.runTest(SuiteRunner.java:377)
at org.testng.SuiteRunner.runSequentially(SuiteRunner.java:371)
at org.testng.SuiteRunner.privateRun(SuiteRunner.java:332)
at org.testng.SuiteRunner.run(SuiteRunner.java:276)
at org.testng.SuiteRunnerWorker.runSuite(SuiteRunnerWorker.java:53)
at org.testng.SuiteRunnerWorker.run(SuiteRunnerWorker.java:96)
at org.testng.TestNG.runSuitesSequentially(TestNG.java:1212)
at org.testng.TestNG.runSuitesLocally(TestNG.java:1134)
at org.testng.TestNG.runSuites(TestNG.java:1063)
at org.testng.TestNG.run(TestNG.java:1031)
at org.testng.remote.AbstractRemoteTestNG.run(AbstractRemoteTestNG.java:115)
at org.testng.remote.RemoteTestNG.initAndRun(RemoteTestNG.java:251)
at org.testng.remote.RemoteTestNG.main(RemoteTestNG.java:77)
]]>
    </failure>
  </testcase> <!-- Verify_AddClinicButtonIsPresentOnClinicSettingPage -->
  <system-out/>
  <testcase classname="Testcase.TeleMedRXRegression" name="Verify_CreateANewClinic" time="6.398"/>
  <system-out/>
  <testcase classname="Testcase.TeleMedRXRegression" name="Verify_DoctorTime" time="10.499"/>
  <system-out/>
  <testcase classname="Testcase.TeleMedRXRegression" name="Verify_ContactUSPopupMessage" time="20.174"/>
  <system-out/>
  <testcase classname="Testcase.TeleMedRXRegression" name="Verify_DoctorName" time="2.099"/>
  <system-out/>
  <testcase classname="Testcase.TeleMedRXRegression" name="Verify_SignOutAppAfterClickingSignOutButton" time="2.069"/>
  <system-out/>
</testsuite> <!-- Testcase.TeleMedRXRegression -->
