<?xml version="1.0" encoding="UTF-8"?>
<!-- Generated by org.testng.reporters.JUnitReportReporter -->
<testsuite hostname="Mohan" failures="0" tests="5" name="Testcase.First_workflow" time="3.429" errors="1" timestamp="2022-01-12T17:50:14 IST" skipped="4">
  <testcase classname="Testcase.First_workflow" name="initial" time="3.429">
    <error message="session not created: This version of ChromeDriver only supports Chrome version 94
Current browser version is 97.0.4692.71 with binary path C:\Program Files\Google\Chrome\Application\chrome.exe
Build info: version: &#039;3.14.0&#039;, revision: &#039;aacccce0&#039;, time: &#039;2018-08-02T20:19:58.91Z&#039;
System info: host: &#039;MOHAN&#039;, ip: &#039;192.168.0.108&#039;, os.name: &#039;Windows 10&#039;, os.arch: &#039;amd64&#039;, os.version: &#039;10.0&#039;, java.version: &#039;17.0.1&#039;
Driver info: driver.version: ChromeDriver
remote stacktrace: Backtrace:
	Ordinal0 [0x008BBDE3+2473443]
	Ordinal0 [0x00856661+2057825]
	Ordinal0 [0x00762438+1057848]
	Ordinal0 [0x0078054A+1181002]
	Ordinal0 [0x0077C435+1164341]
	Ordinal0 [0x00779CAF+1154223]
	Ordinal0 [0x007A9ADF+1350367]
	Ordinal0 [0x007A974A+1349450]
	Ordinal0 [0x007A55AB+1332651]
	Ordinal0 [0x00782104+1188100]
	Ordinal0 [0x00782F59+1191769]
	GetHandleVerifier [0x00A42266+1549718]
	GetHandleVerifier [0x00AED4A7+2250711]
	GetHandleVerifier [0x0094718B+521403]
	GetHandleVerifier [0x00946229+517465]
	Ordinal0 [0x0085B79D+2078621]
	Ordinal0 [0x0085FB58+2095960]
	Ordinal0 [0x0085FC92+2096274]
	Ordinal0 [0x00869541+2135361]
	BaseThreadInitThunk [0x765E6739+25]
	RtlGetFullPathName_UEx [0x77108AFF+1215]
	RtlGetFullPathName_UEx [0x77108ACD+1165]
" type="org.openqa.selenium.SessionNotCreatedException">
      <![CDATA[org.openqa.selenium.SessionNotCreatedException: session not created: This version of ChromeDriver only supports Chrome version 94
Current browser version is 97.0.4692.71 with binary path C:\Program Files\Google\Chrome\Application\chrome.exe
Build info: version: '3.14.0', revision: 'aacccce0', time: '2018-08-02T20:19:58.91Z'
System info: host: 'MOHAN', ip: '192.168.0.108', os.name: 'Windows 10', os.arch: 'amd64', os.version: '10.0', java.version: '17.0.1'
Driver info: driver.version: ChromeDriver
remote stacktrace: Backtrace:
Ordinal0 [0x008BBDE3+2473443]
Ordinal0 [0x00856661+2057825]
Ordinal0 [0x00762438+1057848]
Ordinal0 [0x0078054A+1181002]
Ordinal0 [0x0077C435+1164341]
Ordinal0 [0x00779CAF+1154223]
Ordinal0 [0x007A9ADF+1350367]
Ordinal0 [0x007A974A+1349450]
Ordinal0 [0x007A55AB+1332651]
Ordinal0 [0x00782104+1188100]
Ordinal0 [0x00782F59+1191769]
GetHandleVerifier [0x00A42266+1549718]
GetHandleVerifier [0x00AED4A7+2250711]
GetHandleVerifier [0x0094718B+521403]
GetHandleVerifier [0x00946229+517465]
Ordinal0 [0x0085B79D+2078621]
Ordinal0 [0x0085FB58+2095960]
Ordinal0 [0x0085FC92+2096274]
Ordinal0 [0x00869541+2135361]
BaseThreadInitThunk [0x765E6739+25]
RtlGetFullPathName_UEx [0x77108AFF+1215]
RtlGetFullPathName_UEx [0x77108ACD+1165]

at java.base/jdk.internal.reflect.NativeConstructorAccessorImpl.newInstance0(Native Method)
at java.base/jdk.internal.reflect.NativeConstructorAccessorImpl.newInstance(NativeConstructorAccessorImpl.java:77)
at java.base/jdk.internal.reflect.DelegatingConstructorAccessorImpl.newInstance(DelegatingConstructorAccessorImpl.java:45)
at java.base/java.lang.reflect.Constructor.newInstanceWithCaller(Constructor.java:499)
at java.base/java.lang.reflect.Constructor.newInstance(Constructor.java:480)
at org.openqa.selenium.remote.W3CHandshakeResponse.lambda$new$0(W3CHandshakeResponse.java:57)
at org.openqa.selenium.remote.W3CHandshakeResponse.lambda$getResponseFunction$2(W3CHandshakeResponse.java:104)
at org.openqa.selenium.remote.ProtocolHandshake.lambda$createSession$0(ProtocolHandshake.java:122)
at java.base/java.util.stream.ReferencePipeline$3$1.accept(ReferencePipeline.java:197)
at java.base/java.util.Spliterators$ArraySpliterator.tryAdvance(Spliterators.java:1002)
at java.base/java.util.stream.ReferencePipeline.forEachWithCancel(ReferencePipeline.java:129)
at java.base/java.util.stream.AbstractPipeline.copyIntoWithCancel(AbstractPipeline.java:527)
at java.base/java.util.stream.AbstractPipeline.copyInto(AbstractPipeline.java:513)
at java.base/java.util.stream.AbstractPipeline.wrapAndCopyInto(AbstractPipeline.java:499)
at java.base/java.util.stream.FindOps$FindOp.evaluateSequential(FindOps.java:150)
at java.base/java.util.stream.AbstractPipeline.evaluate(AbstractPipeline.java:234)
at java.base/java.util.stream.ReferencePipeline.findFirst(ReferencePipeline.java:647)
at org.openqa.selenium.remote.ProtocolHandshake.createSession(ProtocolHandshake.java:125)
at org.openqa.selenium.remote.ProtocolHandshake.createSession(ProtocolHandshake.java:73)
at org.openqa.selenium.remote.HttpCommandExecutor.execute(HttpCommandExecutor.java:136)
at org.openqa.selenium.remote.service.DriverCommandExecutor.execute(DriverCommandExecutor.java:83)
at org.openqa.selenium.remote.RemoteWebDriver.execute(RemoteWebDriver.java:548)
at org.openqa.selenium.remote.RemoteWebDriver.startSession(RemoteWebDriver.java:212)
at org.openqa.selenium.remote.RemoteWebDriver.<init>(RemoteWebDriver.java:130)
at org.openqa.selenium.chrome.ChromeDriver.<init>(ChromeDriver.java:181)
at org.openqa.selenium.chrome.ChromeDriver.<init>(ChromeDriver.java:168)
at org.openqa.selenium.chrome.ChromeDriver.<init>(ChromeDriver.java:123)
at Testcase.Testbase.initial(Testbase.java:77)
at java.base/jdk.internal.reflect.NativeMethodAccessorImpl.invoke0(Native Method)
at java.base/jdk.internal.reflect.NativeMethodAccessorImpl.invoke(NativeMethodAccessorImpl.java:77)
at java.base/jdk.internal.reflect.DelegatingMethodAccessorImpl.invoke(DelegatingMethodAccessorImpl.java:43)
at java.base/java.lang.reflect.Method.invoke(Method.java:568)
at org.testng.internal.MethodInvocationHelper.invokeMethod(MethodInvocationHelper.java:133)
at org.testng.internal.MethodInvocationHelper.invokeMethodConsideringTimeout(MethodInvocationHelper.java:62)
at org.testng.internal.ConfigInvoker.invokeConfigurationMethod(ConfigInvoker.java:385)
at org.testng.internal.ConfigInvoker.invokeConfigurations(ConfigInvoker.java:321)
at org.testng.TestRunner.invokeTestConfigurations(TestRunner.java:637)
at org.testng.TestRunner.beforeRun(TestRunner.java:627)
at org.testng.TestRunner.run(TestRunner.java:589)
at org.testng.SuiteRunner.runTest(SuiteRunner.java:377)
at org.testng.SuiteRunner.runSequentially(SuiteRunner.java:371)
at org.testng.SuiteRunner.privateRun(SuiteRunner.java:332)
at org.testng.SuiteRunner.run(SuiteRunner.java:276)
at org.testng.SuiteRunnerWorker.runSuite(SuiteRunnerWorker.java:53)
at org.testng.SuiteRunnerWorker.run(SuiteRunnerWorker.java:96)
at org.testng.TestNG.runSuitesSequentially(TestNG.java:1212)
at org.testng.TestNG.runSuitesLocally(TestNG.java:1134)
at org.testng.TestNG.runSuites(TestNG.java:1063)
at org.testng.TestNG.run(TestNG.java:1031)
at org.testng.remote.AbstractRemoteTestNG.run(AbstractRemoteTestNG.java:115)
at org.testng.remote.RemoteTestNG.initAndRun(RemoteTestNG.java:251)
at org.testng.remote.RemoteTestNG.main(RemoteTestNG.java:77)
]]>
    </error>
  </testcase> <!-- initial -->
  <system-out/>
  <testcase classname="Testcase.First_workflow" name="login_app" time="0.000">
    <skipped/>
  </testcase> <!-- login_app -->
  <system-out/>
  <testcase classname="Testcase.First_workflow" name="addPatient" time="0.000">
    <skipped/>
  </testcase> <!-- addPatient -->
  <system-out/>
  <testcase classname="Testcase.First_workflow" name="createAppointment" time="0.000">
    <skipped/>
  </testcase> <!-- createAppointment -->
  <system-out/>
  <testcase classname="Testcase.First_workflow" name="logoutApp" time="0.000">
    <skipped/>
  </testcase> <!-- logoutApp -->
  <system-out/>
</testsuite> <!-- Testcase.First_workflow -->
