<?xml version="1.0" encoding="UTF-8"?>
<!-- Generated by org.testng.reporters.JUnitXMLReporter -->
<testsuite ignored="1" hostname="I2E-LAP-MP03" failures="4" tests="21" name="Test10" time="128.8" errors="0" timestamp="2022-02-14T17:02:16 IST">
  <testcase classname="testCasesV2.TestCasesSprint10" name="TLMDRx_016" time="25.523"/>
  <testcase classname="testCasesV2.TestCasesSprint10_2" name="intials" time="0.241">
    <failure type="java.lang.IllegalArgumentException" message="Cannot find elements when the XPath is null.">
      <![CDATA[java.lang.IllegalArgumentException: Cannot find elements when the XPath is null.
at org.openqa.selenium.By$ByXPath.<init>(By.java:339)
at org.openqa.selenium.By.xpath(By.java:92)
at PageObjects.LoginPage.Doctorloginform(LoginPage.java:26)
at testCasesV2.TestCasesSprint10_2.intials(TestCasesSprint10_2.java:18)
at java.base/java.util.ArrayList.forEach(ArrayList.java:1511)
at java.base/java.util.concurrent.FutureTask.run(FutureTask.java:264)
at java.base/java.util.concurrent.ThreadPoolExecutor.runWorker(ThreadPoolExecutor.java:1136)
at java.base/java.util.concurrent.ThreadPoolExecutor$Worker.run(ThreadPoolExecutor.java:635)
at java.base/java.lang.Thread.run(Thread.java:833)
... Removed 18 stack frames]]>
    </failure>
  </testcase> <!-- intials -->
  <testcase classname="testCasesV2.TestCasesSprint10" name="TLMDRx_001" time="10.34">
    <failure type="org.openqa.selenium.TimeoutException" message="Expected condition failed: waiting for element to be clickable: By.xpath: //div[contains(text(),&amp;apos;Confirm Clinic Location:&amp;apos;)] (tried for 10 second(s) with 500 milliseconds interval)">
      <![CDATA[org.openqa.selenium.TimeoutException: Expected condition failed: waiting for element to be clickable: By.xpath: //div[contains(text(),'Confirm Clinic Location:')] (tried for 10 second(s) with 500 milliseconds interval)
at org.openqa.selenium.support.ui.WebDriverWait.timeoutException(WebDriverWait.java:113)
at org.openqa.selenium.support.ui.FluentWait.until(FluentWait.java:283)
at testCasesV2.TestCasesSprint10.TLMDRx_001(TestCasesSprint10.java:68)
at java.base/java.util.ArrayList.forEach(ArrayList.java:1511)
at java.base/java.util.concurrent.FutureTask.run(FutureTask.java:264)
at java.base/java.util.concurrent.ThreadPoolExecutor.runWorker(ThreadPoolExecutor.java:1136)
at java.base/java.util.concurrent.ThreadPoolExecutor$Worker.run(ThreadPoolExecutor.java:635)
at java.base/java.lang.Thread.run(Thread.java:833)
Caused by: org.openqa.selenium.NoSuchElementException: Cannot locate an element using By.xpath: //div[contains(text(),'Confirm Clinic Location:')]
For documentation on this error, please visit: http://seleniumhq.org/exceptions/no_such_element.html
Build info: version: '3.14.0', revision: 'aacccce0', time: '2018-08-02T20:19:58.91Z'
System info: host: 'I2E-LAP-MP03', ip: '192.168.1.100', os.name: 'Windows 10', os.arch: 'amd64', os.version: '10.0', java.version: '17.0.2'
Driver info: driver.version: unknown
at org.openqa.selenium.support.ui.ExpectedConditions.lambda$findElement$0(ExpectedConditions.java:896)
at java.base/java.util.Optional.orElseThrow(Optional.java:403)
at org.openqa.selenium.support.ui.ExpectedConditions.findElement(ExpectedConditions.java:895)
at org.openqa.selenium.support.ui.ExpectedConditions.access$000(ExpectedConditions.java:44)
at org.openqa.selenium.support.ui.ExpectedConditions$7.apply(ExpectedConditions.java:206)
at org.openqa.selenium.support.ui.ExpectedConditions$7.apply(ExpectedConditions.java:202)
at org.openqa.selenium.support.ui.ExpectedConditions$22.apply(ExpectedConditions.java:657)
at org.openqa.selenium.support.ui.ExpectedConditions$22.apply(ExpectedConditions.java:654)
at org.openqa.selenium.support.ui.FluentWait.until(FluentWait.java:260)
... 24 more
... Removed 18 stack frames]]>
    </failure>
  </testcase> <!-- TLMDRx_001 -->
  <testcase classname="testCasesV2.TestCasesSprint10_2" name="TLMDRx_027" time="20.327"/>
  <testcase classname="testCasesV2.TestCasesSprint10" name="TLMDRx_002" time="10.325">
    <failure type="org.openqa.selenium.TimeoutException" message="Expected condition failed: waiting for element to be clickable: By.xpath: //th[contains(text(),&amp;apos;TIME&amp;apos;)] (tried for 10 second(s) with 500 milliseconds interval)">
      <![CDATA[org.openqa.selenium.TimeoutException: Expected condition failed: waiting for element to be clickable: By.xpath: //th[contains(text(),'TIME')] (tried for 10 second(s) with 500 milliseconds interval)
at org.openqa.selenium.support.ui.WebDriverWait.timeoutException(WebDriverWait.java:113)
at org.openqa.selenium.support.ui.FluentWait.until(FluentWait.java:283)
at testCasesV2.TestCasesSprint10.TLMDRx_002(TestCasesSprint10.java:84)
at java.base/java.util.ArrayList.forEach(ArrayList.java:1511)
at java.base/java.util.concurrent.FutureTask.run(FutureTask.java:264)
at java.base/java.util.concurrent.ThreadPoolExecutor.runWorker(ThreadPoolExecutor.java:1136)
at java.base/java.util.concurrent.ThreadPoolExecutor$Worker.run(ThreadPoolExecutor.java:635)
at java.base/java.lang.Thread.run(Thread.java:833)
Caused by: org.openqa.selenium.NoSuchElementException: Cannot locate an element using By.xpath: //th[contains(text(),'TIME')]
For documentation on this error, please visit: http://seleniumhq.org/exceptions/no_such_element.html
Build info: version: '3.14.0', revision: 'aacccce0', time: '2018-08-02T20:19:58.91Z'
System info: host: 'I2E-LAP-MP03', ip: '192.168.1.100', os.name: 'Windows 10', os.arch: 'amd64', os.version: '10.0', java.version: '17.0.2'
Driver info: driver.version: unknown
at org.openqa.selenium.support.ui.ExpectedConditions.lambda$findElement$0(ExpectedConditions.java:896)
at java.base/java.util.Optional.orElseThrow(Optional.java:403)
at org.openqa.selenium.support.ui.ExpectedConditions.findElement(ExpectedConditions.java:895)
at org.openqa.selenium.support.ui.ExpectedConditions.access$000(ExpectedConditions.java:44)
at org.openqa.selenium.support.ui.ExpectedConditions$7.apply(ExpectedConditions.java:206)
at org.openqa.selenium.support.ui.ExpectedConditions$7.apply(ExpectedConditions.java:202)
at org.openqa.selenium.support.ui.ExpectedConditions$22.apply(ExpectedConditions.java:657)
at org.openqa.selenium.support.ui.ExpectedConditions$22.apply(ExpectedConditions.java:654)
at org.openqa.selenium.support.ui.FluentWait.until(FluentWait.java:260)
... 24 more
... Removed 18 stack frames]]>
    </failure>
  </testcase> <!-- TLMDRx_002 -->
  <testcase classname="testCasesV2.TestCasesSprint10_2" name="TLMDRx_028" time="10.312"/>
  <testcase classname="testCasesV2.TestCasesSprint10" name="TLMDRx_003" time="0.007">
    <failure type="java.lang.IllegalArgumentException" message="Cannot find elements when the XPath is null.">
      <![CDATA[java.lang.IllegalArgumentException: Cannot find elements when the XPath is null.
at org.openqa.selenium.By$ByXPath.<init>(By.java:339)
at org.openqa.selenium.By.xpath(By.java:92)
at Testcase.EndtoEndFullRegressionPack.Verify_AllLeftNavigationMenuBarListArePresent(EndtoEndFullRegressionPack.java:229)
at testCasesV2.TestCasesSprint10.TLMDRx_003(TestCasesSprint10.java:96)
at java.base/java.util.ArrayList.forEach(ArrayList.java:1511)
at java.base/java.util.concurrent.FutureTask.run(FutureTask.java:264)
at java.base/java.util.concurrent.ThreadPoolExecutor.runWorker(ThreadPoolExecutor.java:1136)
at java.base/java.util.concurrent.ThreadPoolExecutor$Worker.run(ThreadPoolExecutor.java:635)
at java.base/java.lang.Thread.run(Thread.java:833)
... Removed 18 stack frames]]>
    </failure>
  </testcase> <!-- TLMDRx_003 -->
  <testcase classname="testCasesV2.TestCasesSprint10_2" name="TLMDRx_029" time="20.038"/>
  <testcase classname="testCasesV2.TestCasesSprint10" name="TLMDRx_004" time="0.003"/>
  <testcase classname="testCasesV2.TestCasesSprint10_2" name="TLMDRx_030" time="0.024"/>
  <testcase classname="testCasesV2.TestCasesSprint10" name="TLMDRx_006" time="0.004"/>
  <testcase classname="testCasesV2.TestCasesSprint10" name="TLMDRx_007" time="0.209"/>
  <testcase classname="testCasesV2.TestCasesSprint10" name="TLMDRx_009" time="20.537"/>
  <testcase classname="testCasesV2.TestCasesSprint10" name="TLMDRx_010" time="0.261"/>
  <testcase classname="testCasesV2.TestCasesSprint10" name="TLMDRx_011" time="2.003"/>
  <testcase classname="testCasesV2.TestCasesSprint10" name="TLMDRx_012" time="2.001"/>
  <testcase classname="testCasesV2.TestCasesSprint10" name="TLMDRx_018" time="0.002"/>
  <testcase classname="testCasesV2.TestCasesSprint10" name="TLMDRx_017" time="2.004"/>
  <testcase classname="testCasesV2.TestCasesSprint10" name="TLMDRx_020" time="0.002"/>
  <testcase classname="testCasesV2.TestCasesSprint10" name="TLMDRx_023" time="0.001"/>
  <testcase classname="testCasesV2.TestCasesSprint10" name="TLMDRx_024" time="2.004"/>
  <testcase classname="Testbase.Testbase" name="@BeforeTest initial" time="0.0">
    <ignored/>
  </testcase> <!-- @BeforeTest initial -->
</testsuite> <!-- Test10 -->
