<?xml version="1.0" encoding="UTF-8"?>
<!-- Generated by org.testng.reporters.JUnitXMLReporter -->
<testsuite ignored="3" hostname="I2E-LAP-MP03" failures="3" tests="39" name="Test" time="135.935" errors="0" timestamp="2022-03-01T15:30:20 IST">
  <testcase classname="testCasesV2.TestCasesSprint10" name="TLMDRx_016" time="24.022"/>
  <testcase classname="testCasesV2.TestCasesSprint10" name="TLMDRx_001" time="10.368">
    <failure type="org.openqa.selenium.TimeoutException" message="Expected condition failed: waiting for element to be clickable: By.xpath: //div[contains(text(),&amp;apos;Confirm Clinic Location:&amp;apos;)] (tried for 10 second(s) with 500 milliseconds interval)">
      <![CDATA[org.openqa.selenium.TimeoutException: Expected condition failed: waiting for element to be clickable: By.xpath: //div[contains(text(),'Confirm Clinic Location:')] (tried for 10 second(s) with 500 milliseconds interval)
at org.openqa.selenium.support.ui.WebDriverWait.timeoutException(WebDriverWait.java:113)
at org.openqa.selenium.support.ui.FluentWait.until(FluentWait.java:283)
at testCasesV2.TestCasesSprint10.TLMDRx_001(TestCasesSprint10.java:51)
at java.base/java.util.ArrayList.forEach(ArrayList.java:1511)
Caused by: org.openqa.selenium.NoSuchElementException: Cannot locate an element using By.xpath: //div[contains(text(),'Confirm Clinic Location:')]
For documentation on this error, please visit: http://seleniumhq.org/exceptions/no_such_element.html
Build info: version: '3.14.0', revision: 'aacccce0', time: '2018-08-02T20:19:58.91Z'
System info: host: 'I2E-LAP-MP03', ip: '192.168.1.101', os.name: 'Windows 10', os.arch: 'amd64', os.version: '10.0', java.version: '17.0.2'
Driver info: driver.version: unknown
at org.openqa.selenium.support.ui.ExpectedConditions.lambda$findElement$0(ExpectedConditions.java:896)
at java.base/java.util.Optional.orElseThrow(Optional.java:403)
at org.openqa.selenium.support.ui.ExpectedConditions.findElement(ExpectedConditions.java:895)
at org.openqa.selenium.support.ui.ExpectedConditions.access$000(ExpectedConditions.java:44)
at org.openqa.selenium.support.ui.ExpectedConditions$7.apply(ExpectedConditions.java:206)
at org.openqa.selenium.support.ui.ExpectedConditions$7.apply(ExpectedConditions.java:202)
at org.openqa.selenium.support.ui.ExpectedConditions$22.apply(ExpectedConditions.java:657)
at org.openqa.selenium.support.ui.ExpectedConditions$22.apply(ExpectedConditions.java:654)
at org.openqa.selenium.support.ui.FluentWait.until(FluentWait.java:260)
... 29 more
... Removed 27 stack frames]]>
    </failure>
  </testcase> <!-- TLMDRx_001 -->
  <testcase classname="testCasesV2.TestCasesSprint10" name="TLMDRx_002" time="0.198"/>
  <testcase classname="testCasesV2.TestCasesSprint10" name="TLMDRx_003" time="0.172"/>
  <testcase classname="testCasesV2.TestCasesSprint10" name="TLMDRx_004" time="0.264"/>
  <testcase classname="testCasesV2.TestCasesSprint10" name="TLMDRx_006" time="3.437"/>
  <testcase classname="testCasesV2.TestCasesSprint10" name="TLMDRx_007" time="6.362"/>
  <testcase classname="testCasesV2.TestCasesSprint10" name="TLMDRx_009" time="12.065"/>
  <testcase classname="testCasesV2.TestCasesSprint10" name="TLMDRx_010" time="10.73"/>
  <testcase classname="testCasesV2.TestCasesSprint10" name="TLMDRx_011" time="4.13"/>
  <testcase classname="testCasesV2.TestCasesSprint10" name="TLMDRx_012" time="2.059"/>
  <testcase classname="testCasesV2.TestCasesSprint10" name="TLMDRx_018" time="2.141"/>
  <testcase classname="testCasesV2.TestCasesSprint10" name="TLMDRx_017" time="2.062"/>
  <testcase classname="testCasesV2.TestCasesSprint10" name="TLMDRx_020" time="0.082"/>
  <testcase classname="testCasesV2.TestCasesSprint10" name="TLMDRx_023" time="0.15"/>
  <testcase classname="testCasesV2.TestCasesSprint10" name="TLMDRx_024" time="2.115"/>
  <testcase classname="testCasesV2.TestCasesSprint10_2" name="intials" time="10.162">
    <failure type="org.openqa.selenium.TimeoutException" message="Expected condition failed: waiting for element to be clickable: By.xpath: //body/div[1]/div[1]/div[1]/div[1]/div[1]/div[2]/div[1]/div[1]/div[2]/div[1]/input[1] (tried for 10 second(s) with 500 milliseconds interval)">
      <![CDATA[org.openqa.selenium.TimeoutException: Expected condition failed: waiting for element to be clickable: By.xpath: //body/div[1]/div[1]/div[1]/div[1]/div[1]/div[2]/div[1]/div[1]/div[2]/div[1]/input[1] (tried for 10 second(s) with 500 milliseconds interval)
at org.openqa.selenium.support.ui.WebDriverWait.timeoutException(WebDriverWait.java:113)
at org.openqa.selenium.support.ui.FluentWait.until(FluentWait.java:283)
at PageObjects.LoginPage.Doctorloginform(LoginPage.java:31)
at testCasesV2.TestCasesSprint10_2.intials(TestCasesSprint10_2.java:22)
at java.base/java.util.ArrayList.forEach(ArrayList.java:1511)
Caused by: org.openqa.selenium.NoSuchElementException: Cannot locate an element using By.xpath: //body/div[1]/div[1]/div[1]/div[1]/div[1]/div[2]/div[1]/div[1]/div[2]/div[1]/input[1]
For documentation on this error, please visit: http://seleniumhq.org/exceptions/no_such_element.html
Build info: version: '3.14.0', revision: 'aacccce0', time: '2018-08-02T20:19:58.91Z'
System info: host: 'I2E-LAP-MP03', ip: '192.168.1.101', os.name: 'Windows 10', os.arch: 'amd64', os.version: '10.0', java.version: '17.0.2'
Driver info: driver.version: unknown
at org.openqa.selenium.support.ui.ExpectedConditions.lambda$findElement$0(ExpectedConditions.java:896)
at java.base/java.util.Optional.orElseThrow(Optional.java:403)
at org.openqa.selenium.support.ui.ExpectedConditions.findElement(ExpectedConditions.java:895)
at org.openqa.selenium.support.ui.ExpectedConditions.access$000(ExpectedConditions.java:44)
at org.openqa.selenium.support.ui.ExpectedConditions$7.apply(ExpectedConditions.java:206)
at org.openqa.selenium.support.ui.ExpectedConditions$7.apply(ExpectedConditions.java:202)
at org.openqa.selenium.support.ui.ExpectedConditions$22.apply(ExpectedConditions.java:657)
at org.openqa.selenium.support.ui.ExpectedConditions$22.apply(ExpectedConditions.java:654)
at org.openqa.selenium.support.ui.FluentWait.until(FluentWait.java:260)
... 30 more
... Removed 27 stack frames]]>
    </failure>
  </testcase> <!-- intials -->
  <testcase classname="testCasesV2.TestCasesSprint10_2" name="TLMDRx_027" time="20.324"/>
  <testcase classname="testCasesV2.TestCasesSprint10_2" name="TLMDRx_028" time="0.654"/>
  <testcase classname="testCasesV2.TestCasesSprint10_2" name="TLMDRx_029" time="0.233"/>
  <testcase classname="testCasesV2.TestCasesSprint10_2" name="TLMDRx_030" time="1.215"/>
  <testcase classname="testCasesV2.TestCasesSprint10_2" name="backtologinPage" time="3.393"/>
  <testcase classname="testCasesV2.TestCasesSprint11" name="launchIntroPage" time="1.555"/>
  <testcase classname="testCasesV2.TestCasesSprint11" name="TLMDRx_049_Login" time="0.613"/>
  <testcase classname="testCasesV2.TestCasesSprint11" name="TLMDRx_050_Login" time="0.062"/>
  <testcase classname="testCasesV2.TestCasesSprint11" name="TLMDRx_051_Login" time="0.363"/>
  <testcase classname="testCasesV2.TestCasesSprint11" name="TLMDRx_052_Login" time="0.077"/>
  <testcase classname="testCasesV2.TestCasesSprint11" name="clickforgetback" time="1.604"/>
  <testcase classname="testCasesV2.TestCasesSprint11" name="TLMDRx_053" time="0.08"/>
  <testcase classname="testCasesV2.TestCasesSprint11" name="TLMDRx_054" time="0.119"/>
  <testcase classname="testCasesV2.TestCasesSprint11" name="TLMDRx_055" time="1.671"/>
  <testcase classname="testCasesV2.TestCasesSprint11" name="TLMDRx_056" time="0.065"/>
  <testcase classname="testCasesV2.TestCasesSprint11" name="TLMDRx_057" time="0.419"/>
  <testcase classname="testCasesV2.TestCasesSprint11_2" name="TLMDRx_059" time="0.52"/>
  <testcase classname="testCasesV2.TestCasesSprint11_2" name="TLMDRx_060" time="2.219"/>
  <testcase classname="testCasesV2.TestCasesSprint11_2" name="TLMDRx_067" time="0.396"/>
  <testcase classname="testCasesV2.TestCasesSprint11_2" name="TLMDRx_069" time="0.296"/>
  <testcase classname="testCasesV2.TestCasesSprint11_2" name="TLMDRx_071_Register" time="0.043"/>
  <testcase classname="testCasesV2.TestCasesSprint11_2" name="TLMDRx_070__Register" time="6.963">
    <failure type="java.lang.AssertionError" message="The following asserts failed:
	expected [NEX] but found [NEXT]">
      <![CDATA[java.lang.AssertionError: The following asserts failed:
expected [NEX] but found [NEXT]
at testCasesV2.TestCasesSprint11_2.TLMDRx_070__Register(TestCasesSprint11_2.java:262)
at java.base/java.util.ArrayList.forEach(ArrayList.java:1511)
... Removed 29 stack frames]]>
    </failure>
  </testcase> <!-- TLMDRx_070__Register -->
  <testcase classname="Testbase.Testbase" name="@BeforeTest initial" time="0.0">
    <ignored/>
  </testcase> <!-- @BeforeTest initial -->
  <testcase classname="Testbase.Testbase" name="@BeforeTest initial" time="0.0">
    <ignored/>
  </testcase> <!-- @BeforeTest initial -->
  <testcase classname="Testbase.Testbase" name="@BeforeTest initial" time="0.0">
    <ignored/>
  </testcase> <!-- @BeforeTest initial -->
</testsuite> <!-- Test -->
