<?xml version="1.0" encoding="UTF-8"?>
<!-- Generated by org.testng.reporters.JUnitXMLReporter -->
<testsuite ignored="1" hostname="I2E-LAP-MP03" failures="2" tests="16" name="Test11" time="68.299" errors="0" timestamp="2022-02-14T17:01:16 IST">
  <testcase classname="testCasesV2.TestCasesSprint11" name="launchIntroPage" time="25.501"/>
  <testcase classname="testCasesV2.TestCasesSprint11" name="TLMDRx_049" time="30.598">
    <failure type="org.openqa.selenium.TimeoutException" message="Expected condition failed: waiting for element to be clickable: By.xpath: //header/div[1]/div[1]/div[2]/nav[1]/ul[1]/li[6]/a[1] (tried for 30 second(s) with 500 milliseconds interval)">
      <![CDATA[org.openqa.selenium.TimeoutException: Expected condition failed: waiting for element to be clickable: By.xpath: //header/div[1]/div[1]/div[2]/nav[1]/ul[1]/li[6]/a[1] (tried for 30 second(s) with 500 milliseconds interval)
at org.openqa.selenium.support.ui.WebDriverWait.timeoutException(WebDriverWait.java:113)
at org.openqa.selenium.support.ui.FluentWait.until(FluentWait.java:283)
at testCasesV2.TestCasesSprint11.TLMDRx_049(TestCasesSprint11.java:56)
at java.base/java.util.ArrayList.forEach(ArrayList.java:1511)
at java.base/java.util.concurrent.FutureTask.run(FutureTask.java:264)
at java.base/java.util.concurrent.ThreadPoolExecutor.runWorker(ThreadPoolExecutor.java:1136)
at java.base/java.util.concurrent.ThreadPoolExecutor$Worker.run(ThreadPoolExecutor.java:635)
at java.base/java.lang.Thread.run(Thread.java:833)
Caused by: org.openqa.selenium.NoSuchElementException: Cannot locate an element using By.xpath: //header/div[1]/div[1]/div[2]/nav[1]/ul[1]/li[6]/a[1]
For documentation on this error, please visit: http://seleniumhq.org/exceptions/no_such_element.html
Build info: version: '3.14.0', revision: 'aacccce0', time: '2018-08-02T20:19:58.91Z'
System info: host: 'I2E-LAP-MP03', ip: '192.168.1.100', os.name: 'Windows 10', os.arch: 'amd64', os.version: '10.0', java.version: '17.0.2'
Driver info: driver.version: unknown
at org.openqa.selenium.support.ui.ExpectedConditions.lambda$findElement$0(ExpectedConditions.java:896)
at java.base/java.util.Optional.orElseThrow(Optional.java:403)
at org.openqa.selenium.support.ui.ExpectedConditions.findElement(ExpectedConditions.java:895)
at org.openqa.selenium.support.ui.ExpectedConditions.access$000(ExpectedConditions.java:44)
at org.openqa.selenium.support.ui.ExpectedConditions$7.apply(ExpectedConditions.java:206)
at org.openqa.selenium.support.ui.ExpectedConditions$7.apply(ExpectedConditions.java:202)
at org.openqa.selenium.support.ui.ExpectedConditions$22.apply(ExpectedConditions.java:657)
at org.openqa.selenium.support.ui.ExpectedConditions$22.apply(ExpectedConditions.java:654)
at org.openqa.selenium.support.ui.FluentWait.until(FluentWait.java:260)
... 24 more
... Removed 18 stack frames]]>
    </failure>
  </testcase> <!-- TLMDRx_049 -->
  <testcase classname="testCasesV2.TestCasesSprint11_2" name="TLMDRx_059" time="0.424"/>
  <testcase classname="testCasesV2.TestCasesSprint11" name="TLMDRx_050" time="0.001">
    <failure type="java.lang.IllegalArgumentException" message="Cannot find elements when the XPath is null.">
      <![CDATA[java.lang.IllegalArgumentException: Cannot find elements when the XPath is null.
at org.openqa.selenium.By$ByXPath.<init>(By.java:339)
at org.openqa.selenium.By.xpath(By.java:92)
at testCasesV2.TestCasesSprint11.TLMDRx_050(TestCasesSprint11.java:76)
at java.base/java.util.ArrayList.forEach(ArrayList.java:1511)
at java.base/java.util.concurrent.FutureTask.run(FutureTask.java:264)
at java.base/java.util.concurrent.ThreadPoolExecutor.runWorker(ThreadPoolExecutor.java:1136)
at java.base/java.util.concurrent.ThreadPoolExecutor$Worker.run(ThreadPoolExecutor.java:635)
at java.base/java.lang.Thread.run(Thread.java:833)
... Removed 18 stack frames]]>
    </failure>
  </testcase> <!-- TLMDRx_050 -->
  <testcase classname="testCasesV2.TestCasesSprint11_2" name="TLMDRx_060" time="2.204"/>
  <testcase classname="testCasesV2.TestCasesSprint11" name="TLMDRx_051" time="0.005"/>
  <testcase classname="testCasesV2.TestCasesSprint11_2" name="TLMDRx_067" time="0.409"/>
  <testcase classname="testCasesV2.TestCasesSprint11" name="TLMDRx_052" time="0.032"/>
  <testcase classname="testCasesV2.TestCasesSprint11_2" name="TLMDRx_069" time="0.245"/>
  <testcase classname="testCasesV2.TestCasesSprint11_2" name="TLMDRx_071" time="0.028"/>
  <testcase classname="testCasesV2.TestCasesSprint11_2" name="TLMDRx_070" time="3.294"/>
  <testcase classname="testCasesV2.TestCasesSprint11" name="clickforgetback" time="1.597"/>
  <testcase classname="testCasesV2.TestCasesSprint11" name="TLMDRx_053" time="0.002"/>
  <testcase classname="testCasesV2.TestCasesSprint11" name="TLMDRx_054" time="0.001"/>
  <testcase classname="testCasesV2.TestCasesSprint11" name="TLMDRx_055" time="1.275"/>
  <testcase classname="testCasesV2.TestCasesSprint11" name="TLMDRx_056" time="0.027"/>
  <testcase classname="Testbase.Testbase" name="@BeforeTest initial" time="0.0">
    <ignored/>
  </testcase> <!-- @BeforeTest initial -->
</testsuite> <!-- Test11 -->
