<html>
<head>
<title>TestNG:  Test11</title>
<link href="../testng.css" rel="stylesheet" type="text/css" />
<link href="../my-testng.css" rel="stylesheet" type="text/css" />

<style type="text/css">
.log { display: none;} 
.stack-trace { display: none;} 
</style>
<script type="text/javascript">
<!--
function flip(e) {
  current = e.style.display;
  if (current == 'block') {
    e.style.display = 'none';
    return 0;
  }
  else {
    e.style.display = 'block';
    return 1;
  }
}

function toggleBox(szDivId, elem, msg1, msg2)
{
  var res = -1;  if (document.getElementById) {
    res = flip(document.getElementById(szDivId));
  }
  else if (document.all) {
    // this is the way old msie versions work
    res = flip(document.all[szDivId]);
  }
  if(elem) {
    if(res == 0) elem.innerHTML = msg1; else elem.innerHTML = msg2;
  }

}

function toggleAllBoxes() {
  if (document.getElementsByTagName) {
    d = document.getElementsByTagName('div');
    for (i = 0; i < d.length; i++) {
      if (d[i].className == 'log') {
        flip(d[i]);
      }
    }
  }
}

// -->
</script>

</head>
<body>
<h2 align='center'>Test11</h2><table border='1' align="center">
<tr>
<td>Tests passed/Failed/Skipped:</td><td>14/2/0</td>
</tr><tr>
<td>Started on:</td><td>Mon Feb 14 17:00:08 IST 2022</td>
</tr>
<tr><td>Total time:</td><td>68 seconds (68299 ms)</td>
</tr><tr>
<td>Included groups:</td><td></td>
</tr><tr>
<td>Excluded groups:</td><td></td>
</tr>
</table><p/>
<small><i>(Hover the method name to see the test class name)</i></small><p/>
<table width='100%' border='1' class='invocation-failed'>
<tr><td colspan='4' align='center'><b>FAILED TESTS</b></td></tr>
<tr><td><b>Test method</b></td>
<td width="30%"><b>Exception</b></td>
<td width="10%"><b>Time (seconds)</b></td>
<td><b>Instance</b></td>
</tr>
<tr>
<td title='testCasesV2.TestCasesSprint11.TLMDRx_049()'><b>TLMDRx_049</b><br>Test class: testCasesV2.TestCasesSprint11</td>
<td><div><pre>org.openqa.selenium.TimeoutException: Expected condition failed: waiting for element to be clickable: By.xpath: //header/div[1]/div[1]/div[2]/nav[1]/ul[1]/li[6]/a[1] (tried for 30 second(s) with 500 milliseconds interval)
	at org.openqa.selenium.support.ui.WebDriverWait.timeoutException(WebDriverWait.java:113)
	at org.openqa.selenium.support.ui.FluentWait.until(FluentWait.java:283)
	at testCasesV2.TestCasesSprint11.TLMDRx_049(TestCasesSprint11.java:56)
	at java.base/java.util.ArrayList.forEach(ArrayList.java:1511)
	at java.base/java.util.concurrent.FutureTask.run(FutureTask.java:264)
	at java.base/java.util.concurrent.ThreadPoolExecutor.runWorker(ThreadPoolExecutor.java:1136)
	at java.base/java.util.concurrent.ThreadPoolExecutor$Worker.run(ThreadPoolExecutor.java:635)
	at java.base/java.lang.Thread.run(Thread.java:833)
Caused by: org.openqa.selenium.NoSuchElementException: Cannot locate an element using By.xpath: //header/div[1]/div[1]/div[2]/nav[1]/ul[1]/li[6]/a[1]
For documentation on this error, please visit: http://seleniumhq.org/exceptions/no_such_element.html
Build info: version: &apos;3.14.0&apos;, revision: &apos;aacccce0&apos;, time: &apos;2018-08-02T20:19:58.91Z&apos;
System info: host: &apos;I2E-LAP-MP03&apos;, ip: &apos;192.168.1.100&apos;, os.name: &apos;Windows 10&apos;, os.arch: &apos;amd64&apos;, os.version: &apos;10.0&apos;, java.version: &apos;17.0.2&apos;
Driver info: driver.version: unknown
	at org.openqa.selenium.support.ui.ExpectedConditions.lambda$findElement$0(ExpectedConditions.java:896)
	at java.base/java.util.Optional.orElseThrow(Optional.java:403)
	at org.openqa.selenium.support.ui.ExpectedConditions.findElement(ExpectedConditions.java:895)
	at org.openqa.selenium.support.ui.ExpectedConditions.access$000(ExpectedConditions.java:44)
	at org.openqa.selenium.support.ui.ExpectedConditions$7.apply(ExpectedConditions.java:206)
	at org.openqa.selenium.support.ui.ExpectedConditions$7.apply(ExpectedConditions.java:202)
	at org.openqa.selenium.support.ui.ExpectedConditions$22.apply(ExpectedConditions.java:657)
	at org.openqa.selenium.support.ui.ExpectedConditions$22.apply(ExpectedConditions.java:654)
	at org.openqa.selenium.support.ui.FluentWait.until(FluentWait.java:260)
	... 24 more
... Removed 18 stack frames</pre></div><a href='#' onClick='toggleBox("stack-trace1781401628", this, "Click to show all stack frames", "Click to hide stack frames")'>Click to show all stack frames</a>
<div class='stack-trace' id='stack-trace1781401628'><pre>org.openqa.selenium.TimeoutException: Expected condition failed: waiting for element to be clickable: By.xpath: //header/div[1]/div[1]/div[2]/nav[1]/ul[1]/li[6]/a[1] (tried for 30 second(s) with 500 milliseconds interval)
	at org.openqa.selenium.support.ui.WebDriverWait.timeoutException(WebDriverWait.java:113)
	at org.openqa.selenium.support.ui.FluentWait.until(FluentWait.java:283)
	at testCasesV2.TestCasesSprint11.TLMDRx_049(TestCasesSprint11.java:56)
	at java.base/jdk.internal.reflect.NativeMethodAccessorImpl.invoke0(Native Method)
	at java.base/jdk.internal.reflect.NativeMethodAccessorImpl.invoke(NativeMethodAccessorImpl.java:77)
	at java.base/jdk.internal.reflect.DelegatingMethodAccessorImpl.invoke(DelegatingMethodAccessorImpl.java:43)
	at java.base/java.lang.reflect.Method.invoke(Method.java:568)
	at org.testng.internal.MethodInvocationHelper.invokeMethod(MethodInvocationHelper.java:133)
	at org.testng.internal.TestInvoker.invokeMethod(TestInvoker.java:598)
	at org.testng.internal.TestInvoker.invokeTestMethod(TestInvoker.java:173)
	at org.testng.internal.MethodRunner.runInSequence(MethodRunner.java:46)
	at org.testng.internal.TestInvoker$MethodInvocationAgent.invoke(TestInvoker.java:824)
	at org.testng.internal.TestInvoker.invokeTestMethods(TestInvoker.java:146)
	at org.testng.internal.TestMethodWorker.invokeTestMethods(TestMethodWorker.java:146)
	at org.testng.internal.TestMethodWorker.run(TestMethodWorker.java:128)
	at java.base/java.util.ArrayList.forEach(ArrayList.java:1511)
	at org.testng.TestRunner.privateRun(TestRunner.java:794)
	at org.testng.TestRunner.run(TestRunner.java:596)
	at org.testng.SuiteRunner.runTest(SuiteRunner.java:377)
	at org.testng.SuiteRunner.access$000(SuiteRunner.java:28)
	at org.testng.SuiteRunner$SuiteWorker.run(SuiteRunner.java:418)
	at org.testng.internal.thread.ThreadUtil.lambda$execute$0(ThreadUtil.java:64)
	at java.base/java.util.concurrent.FutureTask.run(FutureTask.java:264)
	at java.base/java.util.concurrent.ThreadPoolExecutor.runWorker(ThreadPoolExecutor.java:1136)
	at java.base/java.util.concurrent.ThreadPoolExecutor$Worker.run(ThreadPoolExecutor.java:635)
	at java.base/java.lang.Thread.run(Thread.java:833)
Caused by: org.openqa.selenium.NoSuchElementException: Cannot locate an element using By.xpath: //header/div[1]/div[1]/div[2]/nav[1]/ul[1]/li[6]/a[1]
For documentation on this error, please visit: http://seleniumhq.org/exceptions/no_such_element.html
Build info: version: &apos;3.14.0&apos;, revision: &apos;aacccce0&apos;, time: &apos;2018-08-02T20:19:58.91Z&apos;
System info: host: &apos;I2E-LAP-MP03&apos;, ip: &apos;192.168.1.100&apos;, os.name: &apos;Windows 10&apos;, os.arch: &apos;amd64&apos;, os.version: &apos;10.0&apos;, java.version: &apos;17.0.2&apos;
Driver info: driver.version: unknown
	at org.openqa.selenium.support.ui.ExpectedConditions.lambda$findElement$0(ExpectedConditions.java:896)
	at java.base/java.util.Optional.orElseThrow(Optional.java:403)
	at org.openqa.selenium.support.ui.ExpectedConditions.findElement(ExpectedConditions.java:895)
	at org.openqa.selenium.support.ui.ExpectedConditions.access$000(ExpectedConditions.java:44)
	at org.openqa.selenium.support.ui.ExpectedConditions$7.apply(ExpectedConditions.java:206)
	at org.openqa.selenium.support.ui.ExpectedConditions$7.apply(ExpectedConditions.java:202)
	at org.openqa.selenium.support.ui.ExpectedConditions$22.apply(ExpectedConditions.java:657)
	at org.openqa.selenium.support.ui.ExpectedConditions$22.apply(ExpectedConditions.java:654)
	at org.openqa.selenium.support.ui.FluentWait.until(FluentWait.java:260)
	... 24 more
</pre></div></td>
<td>30</td>
<td>testCasesV2.TestCasesSprint11@245b4bdc</td></tr>
<tr>
<td title='testCasesV2.TestCasesSprint11.TLMDRx_050()'><b>TLMDRx_050</b><br>Test class: testCasesV2.TestCasesSprint11</td>
<td><div><pre>java.lang.IllegalArgumentException: Cannot find elements when the XPath is null.
	at org.openqa.selenium.By$ByXPath.&lt;init&gt;(By.java:339)
	at org.openqa.selenium.By.xpath(By.java:92)
	at testCasesV2.TestCasesSprint11.TLMDRx_050(TestCasesSprint11.java:76)
	at java.base/java.util.ArrayList.forEach(ArrayList.java:1511)
	at java.base/java.util.concurrent.FutureTask.run(FutureTask.java:264)
	at java.base/java.util.concurrent.ThreadPoolExecutor.runWorker(ThreadPoolExecutor.java:1136)
	at java.base/java.util.concurrent.ThreadPoolExecutor$Worker.run(ThreadPoolExecutor.java:635)
	at java.base/java.lang.Thread.run(Thread.java:833)
... Removed 18 stack frames</pre></div><a href='#' onClick='toggleBox("stack-trace75129257", this, "Click to show all stack frames", "Click to hide stack frames")'>Click to show all stack frames</a>
<div class='stack-trace' id='stack-trace75129257'><pre>java.lang.IllegalArgumentException: Cannot find elements when the XPath is null.
	at org.openqa.selenium.By$ByXPath.&lt;init&gt;(By.java:339)
	at org.openqa.selenium.By.xpath(By.java:92)
	at testCasesV2.TestCasesSprint11.TLMDRx_050(TestCasesSprint11.java:76)
	at java.base/jdk.internal.reflect.NativeMethodAccessorImpl.invoke0(Native Method)
	at java.base/jdk.internal.reflect.NativeMethodAccessorImpl.invoke(NativeMethodAccessorImpl.java:77)
	at java.base/jdk.internal.reflect.DelegatingMethodAccessorImpl.invoke(DelegatingMethodAccessorImpl.java:43)
	at java.base/java.lang.reflect.Method.invoke(Method.java:568)
	at org.testng.internal.MethodInvocationHelper.invokeMethod(MethodInvocationHelper.java:133)
	at org.testng.internal.TestInvoker.invokeMethod(TestInvoker.java:598)
	at org.testng.internal.TestInvoker.invokeTestMethod(TestInvoker.java:173)
	at org.testng.internal.MethodRunner.runInSequence(MethodRunner.java:46)
	at org.testng.internal.TestInvoker$MethodInvocationAgent.invoke(TestInvoker.java:824)
	at org.testng.internal.TestInvoker.invokeTestMethods(TestInvoker.java:146)
	at org.testng.internal.TestMethodWorker.invokeTestMethods(TestMethodWorker.java:146)
	at org.testng.internal.TestMethodWorker.run(TestMethodWorker.java:128)
	at java.base/java.util.ArrayList.forEach(ArrayList.java:1511)
	at org.testng.TestRunner.privateRun(TestRunner.java:794)
	at org.testng.TestRunner.run(TestRunner.java:596)
	at org.testng.SuiteRunner.runTest(SuiteRunner.java:377)
	at org.testng.SuiteRunner.access$000(SuiteRunner.java:28)
	at org.testng.SuiteRunner$SuiteWorker.run(SuiteRunner.java:418)
	at org.testng.internal.thread.ThreadUtil.lambda$execute$0(ThreadUtil.java:64)
	at java.base/java.util.concurrent.FutureTask.run(FutureTask.java:264)
	at java.base/java.util.concurrent.ThreadPoolExecutor.runWorker(ThreadPoolExecutor.java:1136)
	at java.base/java.util.concurrent.ThreadPoolExecutor$Worker.run(ThreadPoolExecutor.java:635)
	at java.base/java.lang.Thread.run(Thread.java:833)
</pre></div></td>
<td>0</td>
<td>testCasesV2.TestCasesSprint11@245b4bdc</td></tr>
</table><p>
<table width='100%' border='1' class='invocation-passed'>
<tr><td colspan='4' align='center'><b>PASSED TESTS</b></td></tr>
<tr><td><b>Test method</b></td>
<td width="30%"><b>Exception</b></td>
<td width="10%"><b>Time (seconds)</b></td>
<td><b>Instance</b></td>
</tr>
<tr>
<td title='testCasesV2.TestCasesSprint11.clickforgetback()'><b>clickforgetback</b><br>Test class: testCasesV2.TestCasesSprint11</td>
<td></td>
<td>1</td>
<td>testCasesV2.TestCasesSprint11@245b4bdc</td></tr>
<tr>
<td title='testCasesV2.TestCasesSprint11.launchIntroPage()'><b>launchIntroPage</b><br>Test class: testCasesV2.TestCasesSprint11</td>
<td></td>
<td>25</td>
<td>testCasesV2.TestCasesSprint11@245b4bdc</td></tr>
<tr>
<td title='testCasesV2.TestCasesSprint11.TLMDRx_052()'><b>TLMDRx_052</b><br>Test class: testCasesV2.TestCasesSprint11</td>
<td></td>
<td>0</td>
<td>testCasesV2.TestCasesSprint11@245b4bdc</td></tr>
<tr>
<td title='testCasesV2.TestCasesSprint11.TLMDRx_055()'><b>TLMDRx_055</b><br>Test class: testCasesV2.TestCasesSprint11</td>
<td></td>
<td>1</td>
<td>testCasesV2.TestCasesSprint11@245b4bdc</td></tr>
<tr>
<td title='testCasesV2.TestCasesSprint11_2.TLMDRx_071()'><b>TLMDRx_071</b><br>Test class: testCasesV2.TestCasesSprint11_2</td>
<td></td>
<td>0</td>
<td>testCasesV2.TestCasesSprint11_2@6c64cb25</td></tr>
<tr>
<td title='testCasesV2.TestCasesSprint11.TLMDRx_053()'><b>TLMDRx_053</b><br>Test class: testCasesV2.TestCasesSprint11</td>
<td></td>
<td>0</td>
<td>testCasesV2.TestCasesSprint11@245b4bdc</td></tr>
<tr>
<td title='testCasesV2.TestCasesSprint11.TLMDRx_056()'><b>TLMDRx_056</b><br>Test class: testCasesV2.TestCasesSprint11</td>
<td></td>
<td>0</td>
<td>testCasesV2.TestCasesSprint11@245b4bdc</td></tr>
<tr>
<td title='testCasesV2.TestCasesSprint11.TLMDRx_054()'><b>TLMDRx_054</b><br>Test class: testCasesV2.TestCasesSprint11</td>
<td></td>
<td>0</td>
<td>testCasesV2.TestCasesSprint11@245b4bdc</td></tr>
<tr>
<td title='testCasesV2.TestCasesSprint11_2.TLMDRx_059()'><b>TLMDRx_059</b><br>Test class: testCasesV2.TestCasesSprint11_2</td>
<td></td>
<td>0</td>
<td>testCasesV2.TestCasesSprint11_2@6c64cb25</td></tr>
<tr>
<td title='testCasesV2.TestCasesSprint11.TLMDRx_051()'><b>TLMDRx_051</b><br>Test class: testCasesV2.TestCasesSprint11</td>
<td></td>
<td>0</td>
<td>testCasesV2.TestCasesSprint11@245b4bdc</td></tr>
<tr>
<td title='testCasesV2.TestCasesSprint11_2.TLMDRx_067()'><b>TLMDRx_067</b><br>Test class: testCasesV2.TestCasesSprint11_2</td>
<td></td>
<td>0</td>
<td>testCasesV2.TestCasesSprint11_2@6c64cb25</td></tr>
<tr>
<td title='testCasesV2.TestCasesSprint11_2.TLMDRx_070()'><b>TLMDRx_070</b><br>Test class: testCasesV2.TestCasesSprint11_2</td>
<td></td>
<td>3</td>
<td>testCasesV2.TestCasesSprint11_2@6c64cb25</td></tr>
<tr>
<td title='testCasesV2.TestCasesSprint11_2.TLMDRx_060()'><b>TLMDRx_060</b><br>Test class: testCasesV2.TestCasesSprint11_2</td>
<td></td>
<td>2</td>
<td>testCasesV2.TestCasesSprint11_2@6c64cb25</td></tr>
<tr>
<td title='testCasesV2.TestCasesSprint11_2.TLMDRx_069()'><b>TLMDRx_069</b><br>Test class: testCasesV2.TestCasesSprint11_2</td>
<td></td>
<td>0</td>
<td>testCasesV2.TestCasesSprint11_2@6c64cb25</td></tr>
</table><p>
</body>
</html>